<?xml version="1.0" encoding="UTF-8"?>
<!-- Generated by org.testng.reporters.JUnitXMLReporter -->
<testsuite hostname="SamsungAmd" name="Test" tests="3" failures="0" timestamp="12 Feb 2014 03:02:56 GMT" time="0.059" errors="0">
  <testcase name="StringFunctions" time="0.012" classname="com.testng.util.StringFunctionsTest"/>
  <testcase name="isAnagrm" time="0.01" classname="com.testng.util.StringFunctionsTest"/>
  <testcase name="reverse" time="0.002" classname="com.testng.util.StringFunctionsTest"/>
</testsuite> <!-- Test -->
